<?xml version="1.0" encoding="UTF-8"?>
<testng-results skipped="0" failed="0" total="1" passed="1">
  <reporter-output>
  </reporter-output>
  <suite name="KaplanNursing" duration-ms="30759" started-at="2015-11-29T01:16:13Z" finished-at="2015-11-29T01:16:43Z">
    <groups>
    </groups>
    <test name="KaplanNursing" duration-ms="30759" started-at="2015-11-29T01:16:13Z" finished-at="2015-11-29T01:16:43Z">
      <class name="com.selenium.test.DriverScript">
        <test-method status="PASS" signature="startTesting()[pri:0, instance:com.selenium.test.DriverScript@65ec4ad4]" name="startTesting" is-config="true" duration-ms="2179" started-at="2015-11-28T20:16:10Z" finished-at="2015-11-28T20:16:13Z">
          <reporter-output>
          </reporter-output>
        </test-method> <!-- startTesting -->
        <test-method status="PASS" signature="start()[pri:0, instance:com.selenium.test.DriverScript@65ec4ad4]" name="start" duration-ms="30729" started-at="2015-11-28T20:16:13Z" finished-at="2015-11-28T20:16:43Z">
          <reporter-output>
          </reporter-output>
        </test-method> <!-- start -->
        <test-method status="PASS" signature="endScript()[pri:0, instance:com.selenium.test.DriverScript@65ec4ad4]" name="endScript" is-config="true" duration-ms="0" started-at="2015-11-28T20:16:43Z" finished-at="2015-11-28T20:16:43Z">
          <reporter-output>
          </reporter-output>
        </test-method> <!-- endScript -->
      </class> <!-- com.selenium.test.DriverScript -->
    </test> <!-- KaplanNursing -->
  </suite> <!-- KaplanNursing -->
</testng-results>
